c:\users\imashtak\source\repos\consolegame\consolegame\debug\vc142.pdb
c:\users\imashtak\source\repos\consolegame\consolegame\debug\vc142.idb
c:\users\imashtak\source\repos\consolegame\consolegame\debug\world.obj
c:\users\imashtak\source\repos\consolegame\consolegame\debug\plane.obj
c:\users\imashtak\source\repos\consolegame\consolegame\debug\maincircle.obj
c:\users\imashtak\source\repos\consolegame\consolegame\debug\levelloader.obj
c:\users\imashtak\source\repos\consolegame\consolegame\debug\inputreader.obj
c:\users\imashtak\source\repos\consolegame\consolegame\debug\hero.obj
c:\users\imashtak\source\repos\consolegame\consolegame\debug\gameobject.obj
c:\users\imashtak\source\repos\consolegame\consolegame\debug\consolegame.obj
c:\users\imashtak\source\repos\consolegame\consolegame\debug\charmatrix.obj
c:\users\imashtak\source\repos\consolegame\consolegame\debug\ground.obj
c:\users\imashtak\source\repos\consolegame\consolegame\debug\consolegame.ilk
c:\users\imashtak\source\repos\consolegame\debug\consolegame.exe
c:\users\imashtak\source\repos\consolegame\debug\consolegame.pdb
c:\users\imashtak\source\repos\consolegame\consolegame\debug\consolegame.tlog\cl.command.1.tlog
c:\users\imashtak\source\repos\consolegame\consolegame\debug\consolegame.tlog\cl.read.1.tlog
c:\users\imashtak\source\repos\consolegame\consolegame\debug\consolegame.tlog\cl.write.1.tlog
c:\users\imashtak\source\repos\consolegame\consolegame\debug\consolegame.tlog\link.command.1.tlog
c:\users\imashtak\source\repos\consolegame\consolegame\debug\consolegame.tlog\link.read.1.tlog
c:\users\imashtak\source\repos\consolegame\consolegame\debug\consolegame.tlog\link.write.1.tlog
